<!DOCTYPE html PUBLIC "-//W3C//DTD XHTML 1.1//EN" "http://www.w3.org/TR/xhtml11/DTD/xhtml11.dtd">
<html xmlns="http://www.w3.org/1999/xhtml">
<head>
<meta http-equiv="content-type" content="text/html; charset=UTF-8"/>
<title>TestNG Report</title>
<style type="text/css">table {margin-bottom:10px;border-collapse:collapse;empty-cells:show}th,td {border:1px solid #009;padding:.25em .5em}th {vertical-align:bottom}td {vertical-align:top}table a {font-weight:bold}.stripe td {background-color: #E6EBF9}.num {text-align:right}.passedodd td {background-color: #3F3}.passedeven td {background-color: #0A0}.skippedodd td {background-color: #DDD}.skippedeven td {background-color: #CCC}.failedodd td,.attn {background-color: #F33}.failedeven td,.stripe .attn {background-color: #D00}.stacktrace {white-space:pre;font-family:monospace}.totop {font-size:85%;text-align:center;border-bottom:2px solid #000}.invisible {display:none}</style>
</head>
<body>
<table>
<tr><th>Test</th><th># Passed</th><th># Skipped</th><th># Failed</th><th>Time (ms)</th><th>Included Groups</th><th>Excluded Groups</th></tr>
<tr><th colspan="7">Pre-Config Regression Test Suite</th></tr>
<tr><td><a href="#t0">Login Test</a></td><td class="num">1</td><td class="num">0</td><td class="num">0</td><td class="num">34,439</td><td></td><td></td></tr>
<tr class="stripe"><td><a href="#t1">Create New Vertical Test</a></td><td class="num">1</td><td class="num">0</td><td class="num">0</td><td class="num">27,083</td><td></td><td></td></tr>
<tr><td><a href="#t2">Modify Existing Vertical Test</a></td><td class="num">0</td><td class="num">0</td><td class="num attn">1</td><td class="num">53,979</td><td></td><td></td></tr>
<tr class="stripe"><td><a href="#t3">Delete Existing Vertical Test</a></td><td class="num">1</td><td class="num">0</td><td class="num">0</td><td class="num">23,101</td><td></td><td></td></tr>
<tr><th>Total</th><th class="num">3</th><th class="num">0</th><th class="num attn">1</th><th class="num">138,602</th><th colspan="2"></th></tr>
</table>
<table id='summary'><thead><tr><th>Class</th><th>Method</th><th>Start</th><th>Time (ms)</th></tr></thead><tbody><tr><th colspan="4">Pre-Config Regression Test Suite</th></tr></tbody><tbody id="t0"><tr><th colspan="4">Login Test &#8212; passed</th></tr><tr class="passedeven"><td rowspan="1">testrunners.LoginTest</td><td><a href="#m0">feature</a></td><td rowspan="1">1674133676427</td><td rowspan="1">33993</td></tr></tbody>
<tbody id="t1"><tr><th colspan="4">Create New Vertical Test &#8212; passed</th></tr><tr class="passedeven"><td rowspan="1">testrunners.CreateNewVerticalTest</td><td><a href="#m1">feature</a></td><td rowspan="1">1674133710685</td><td rowspan="1">26996</td></tr></tbody>
<tbody id="t2"><tr><th colspan="4">Modify Existing Vertical Test &#8212; failed</th></tr><tr class="failedeven"><td rowspan="1">testrunners.ModifyVerticalTestCase</td><td><a href="#m2">feature</a></td><td rowspan="1">1674133737789</td><td rowspan="1">53848</td></tr></tbody>
<tbody id="t3"><tr><th colspan="4">Delete Existing Vertical Test &#8212; passed</th></tr><tr class="passedeven"><td rowspan="1">testrunners.DeleteVerticalTestCase</td><td><a href="#m3">feature</a></td><td rowspan="1">1674133791805</td><td rowspan="1">23000</td></tr></tbody>
</table>
<h2>Login Test</h2><h3 id="m0">testrunners.LoginTest#feature</h3><table class="result"><tr class="param"><th>Parameter #1</th></tr><tr class="param stripe"><td>Login validation</td></tr></table><p class="totop"><a href="#summary">back to summary</a></p>
<h2>Create New Vertical Test</h2><h3 id="m1">testrunners.CreateNewVerticalTest#feature</h3><table class="result"><tr class="param"><th>Parameter #1</th></tr><tr class="param stripe"><td>Create new vertical feature</td></tr></table><p class="totop"><a href="#summary">back to summary</a></p>
<h2>Modify Existing Vertical Test</h2><h3 id="m2">testrunners.ModifyVerticalTestCase#feature</h3><table class="result"><tr class="param"><th>Parameter #1</th></tr><tr class="param stripe"><td>Edit existing vertical feature</td></tr><tr><th>Exception</th></tr><tr><td><div class="stacktrace">cucumber.runtime.CucumberException: java.lang.AssertionError: expected [true] but found [false]
	at cucumber.api.testng.TestNGCucumberRunner.runCucumber(TestNGCucumberRunner.java:69)
	at cucumber.api.testng.AbstractTestNGCucumberTests.feature(AbstractTestNGCucumberTests.java:21)
Caused by: java.lang.AssertionError: expected [true] but found [false]
	at stepdefinitions.PreconfigLibrary.i_should_see_modified_vertical(PreconfigLibrary.java:256)
	at âœ½.Then i should see modified vertical &quot;Test edit Vertical&quot;(featurefiles/editvertical.feature:17)
... Removed 29 stack frames</div></td></tr></table><p class="totop"><a href="#summary">back to summary</a></p>
<h2>Delete Existing Vertical Test</h2><h3 id="m3">testrunners.DeleteVerticalTestCase#feature</h3><table class="result"><tr class="param"><th>Parameter #1</th></tr><tr class="param stripe"><td>Delete existing vertical feature</td></tr></table><p class="totop"><a href="#summary">back to summary</a></p>
</body>
</html>
