<?xml version="1.0" encoding="UTF-8"?>
<!-- Generated by org.testng.reporters.JUnitXMLReporter -->
<testsuite hostname="DESKTOP-UHORISU" ignored="0" name="Modit Existing Vertical Test" tests="1" failures="1" timestamp="19 Jan 2023 12:25:02 GMT" time="52.355" errors="0">
  <testcase name="feature" time="52.293" classname="cucumber.api.testng.AbstractTestNGCucumberTests">
    <failure type="cucumber.runtime.CucumberException" message="java.lang.AssertionError: expected [true] but found [false]">
      <![CDATA[cucumber.runtime.CucumberException: java.lang.AssertionError: expected [true] but found [false]
at cucumber.api.testng.TestNGCucumberRunner.runCucumber(TestNGCucumberRunner.java:69)
at cucumber.api.testng.AbstractTestNGCucumberTests.feature(AbstractTestNGCucumberTests.java:21)
Caused by: java.lang.AssertionError: expected [true] but found [false]
at stepdefinitions.PreconfigLibrary.i_should_see_modified_vertical(PreconfigLibrary.java:256)
at âœ½.Then i should see modified vertical "Test edit Vertical"(featurefiles/editvertical.feature:17)
... Removed 29 stack frames]]>
    </failure>
  </testcase> <!-- feature -->
</testsuite> <!-- Modit Existing Vertical Test -->
